#
# A fatal error has been detected by the Java Runtime Environment:
#
#  EXCEPTION_ACCESS_VIOLATION (0xc0000005) at pc=0x0000000051a0ca27, pid=8436, tid=0x000000000000341c
#
# JRE version: OpenJDK Runtime Environment (8.0_152-b02) (build 1.8.0_152-release-1024-b02)
# Java VM: OpenJDK 64-Bit Server VM (25.152-b02 mixed mode windows-amd64 compressed oops)
# Problematic frame:
# V  [jvm.dll+0x1eca27]
#
# Failed to write core dump. Minidumps are not enabled by default on client versions of Windows
#
# If you would like to submit a bug report, please visit:
#   http://bugreport.java.com/bugreport/crash.jsp
#

---------------  T H R E A D  ---------------

Current thread (0x000000001f269800):  JavaThread "stdout" daemon [_thread_in_vm, id=13340, stack(0x000000002ff00000,0x0000000030000000)]

siginfo: ExceptionCode=0xc0000005, writing address 0x000000002fffa6f0

Registers:
RAX=0x000000002fffa6f0, RBX=0x0000000000000006, RCX=0x0000000000005000, RDX=0x0000000000000006
RSP=0x000000002ffff6f0, RBP=0x0000000000000000, RSI=0x000000002ffff6f0, RDI=0x0000000000000006
R8 =0x0000000000000006, R9 =0x000000001ddf0d40, R10=0x0000000027c9dc00, R11=0x000000002ff0a188
R12=0x000000001ddf0d40, R13=0x000000001f269800, R14=0x000000002ffff7b8, R15=0x0000000027c9dc00
RIP=0x0000000051a0ca27, EFLAGS=0x0000000000010206

Top of Stack: (sp=0x000000002ffff6f0)
0x000000002ffff6f0:   0000000000000000 0000000000000000
0x000000002ffff700:   000000001f269800 000000001ddf0d40
0x000000002ffff710:   00000000ffffffff 0000000051a0d957
0x000000002ffff720:   000000002ffff820 0000000027c9dc00
0x000000002ffff730:   000000001f269800 00000000518bb6a3
0x000000002ffff740:   000000002ffff780 000000001f269800
0x000000002ffff750:   000000002ffff810 000000001f269800
0x000000002ffff760:   0000000027c9dc00 000000001f269800
0x000000002ffff770:   0000000003283920 000000001f269800
0x000000002ffff780:   0000000027c9dc00 000000001f269800
0x000000002ffff790:   000000001626d9a0 000000001f269800
0x000000002ffff7a0:   0000000000000001 0000000027c9dc00
0x000000002ffff7b0:   000000001f269800 000000001ee84360
0x000000002ffff7c0:   000000001f269800 00000000518bcd4d
0x000000002ffff7d0:   000000002ffffad8 00000001000066b0
0x000000002ffff7e0:   0000000100f518c8 0000000000000000 

Instructions: (pc=0x0000000051a0ca27)
0x0000000051a0ca07:   48 89 6c 24 30 33 ed 66 90 e8 9b be 07 00 ff c3
0x0000000051a0ca17:   48 63 c8 48 8b c6 48 0f af cf 48 ff c7 48 2b c1
0x0000000051a0ca27:   89 28 48 63 c3 48 3b 05 75 4b 57 00 7e db 48 8b
0x0000000051a0ca37:   6c 24 30 48 8b 5c 24 38 48 8b 74 24 40 48 83 c4 


Register to memory mapping:

RAX=0x000000002fffa6f0 is pointing into the stack for thread: 0x000000001f269800
RBX=0x0000000000000006 is an unknown value
RCX=0x0000000000005000 is an unknown value
RDX=0x0000000000000006 is an unknown value
RSP=0x000000002ffff6f0 is pointing into the stack for thread: 0x000000001f269800
RBP=0x0000000000000000 is an unknown value
RSI=0x000000002ffff6f0 is pointing into the stack for thread: 0x000000001f269800
RDI=0x0000000000000006 is an unknown value
R8 =0x0000000000000006 is an unknown value
R9 =0x000000001ddf0d40 is an unknown value
R10={method} {0x0000000027c9dc08} 'run' '()V' in 'com/android/utils/GrabProcessOutput$2'
R11=0x000000002ff0a188 is pointing into the stack for thread: 0x000000001f269800
R12=0x000000001ddf0d40 is an unknown value
R13=0x000000001f269800 is a thread
R14=0x000000002ffff7b8 is pointing into the stack for thread: 0x000000001f269800
R15={method} {0x0000000027c9dc08} 'run' '()V' in 'com/android/utils/GrabProcessOutput$2'


Stack: [0x000000002ff00000,0x0000000030000000],  sp=0x000000002ffff6f0,  free space=1021k
Native frames: (J=compiled Java code, j=interpreted, Vv=VM code, C=native code)


---------------  P R O C E S S  ---------------

Java Threads: ( => current thread )
=>0x000000001f269800 JavaThread "stdout" daemon [_thread_in_vm, id=13340, stack(0x000000002ff00000,0x0000000030000000)]
  0x000000001f269000 JavaThread "stderr" daemon [_thread_blocked, id=14196, stack(0x000000002fe00000,0x000000002ff00000)]
  0x000000001f268000 JavaThread "stdout" daemon [_thread_blocked, id=13488, stack(0x000000002fd00000,0x000000002fe00000)]
  0x000000001f267800 JavaThread "stderr" daemon [_thread_blocked, id=13492, stack(0x000000002fc00000,0x000000002fd00000)]
  0x000000001cb98000 JavaThread "stdout" daemon [_thread_blocked, id=13252, stack(0x000000002fb00000,0x000000002fc00000)]
  0x000000001cb9f000 JavaThread "stdout" daemon [_thread_blocked, id=13924, stack(0x000000002f900000,0x000000002fa00000)]
  0x000000001cb9d800 JavaThread "stderr" daemon [_thread_blocked, id=7356, stack(0x000000002f800000,0x000000002f900000)]
  0x000000001cb9c800 JavaThread "stderr" daemon [_thread_blocked, id=3160, stack(0x000000002f700000,0x000000002f800000)]
  0x000000001cb95000 JavaThread "queued-resource-processor_4" daemon [_thread_blocked, id=6964, stack(0x000000002f600000,0x000000002f700000)]
  0x000000001cb9c000 JavaThread "queued-resource-processor_3" daemon [_thread_blocked, id=10512, stack(0x000000002f500000,0x000000002f600000)]
  0x000000001cb9b000 JavaThread "queued-resource-processor_2" daemon [_thread_blocked, id=9136, stack(0x000000002f400000,0x000000002f500000)]
  0x000000001cb99000 JavaThread "queued-resource-processor_1" daemon [_thread_blocked, id=12468, stack(0x000000002f300000,0x000000002f400000)]
  0x000000001cb99800 JavaThread "Task worker for ':' Thread 3" [_thread_blocked, id=3600, stack(0x000000002f200000,0x000000002f300000)]
  0x000000001cb93800 JavaThread "Task worker for ':' Thread 2" [_thread_blocked, id=6892, stack(0x000000002f100000,0x000000002f200000)]
  0x000000001cb96000 JavaThread "Task worker for ':'" [_thread_blocked, id=5588, stack(0x000000002f000000,0x000000002f100000)]
  0x000000001cb94800 JavaThread "Cache worker for Build Output Cleanup Cache (C:\Users\ruru\AndroidStudioProjects\Registeration\.gradle\buildOutputCleanup)" [_thread_blocked, id=12420, stack(0x000000002ef00000,0x000000002f000000)]
  0x000000001cb90800 JavaThread "Cache worker for task history cache (C:\Users\ruru\AndroidStudioProjects\Registeration\.gradle\4.4\taskHistory)" [_thread_blocked, id=4724, stack(0x000000002ee00000,0x000000002ef00000)]
  0x000000001cb92000 JavaThread "pool-10-thread-1" [_thread_blocked, id=9128, stack(0x000000002ed00000,0x000000002ee00000)]
  0x000000002000f000 JavaThread "build operations Thread 4" [_thread_blocked, id=10408, stack(0x000000002ec00000,0x000000002ed00000)]
  0x000000002000d800 JavaThread "build operations Thread 3" [_thread_blocked, id=7768, stack(0x000000002eb00000,0x000000002ec00000)]
  0x0000000020006000 JavaThread "build operations Thread 2" [_thread_blocked, id=12904, stack(0x000000002ea00000,0x000000002eb00000)]
  0x000000002000c800 JavaThread "build operations" [_thread_blocked, id=1092, stack(0x000000002e900000,0x000000002ea00000)]
  0x000000002000c000 JavaThread "Cache worker for Artifact transforms cache (C:\Users\ruru\.gradle\caches\transforms-1)" [_thread_blocked, id=9068, stack(0x000000002e800000,0x000000002e900000)]
  0x0000000020009800 JavaThread "Cache worker for file hash cache (C:\Users\ruru\AndroidStudioProjects\Registeration\.gradle\4.4\fileHashes)" [_thread_blocked, id=7252, stack(0x000000002e700000,0x000000002e800000)]
  0x0000000020002000 JavaThread "Stdin handler" [_thread_blocked, id=6032, stack(0x000000002e600000,0x000000002e700000)]
  0x0000000020004800 JavaThread "Asynchronous log dispatcher for DefaultDaemonConnection: socket connection from /127.0.0.1:57981 to /127.0.0.1:58735" [_thread_blocked, id=11752, stack(0x000000002e500000,0x000000002e600000)]
  0x0000000020003800 JavaThread "Cancel handler" [_thread_blocked, id=9868, stack(0x000000002e400000,0x000000002e500000)]
  0x0000000020005000 JavaThread "Handler for socket connection from /127.0.0.1:57981 to /127.0.0.1:58735" [_thread_in_native, id=8288, stack(0x000000002e300000,0x000000002e400000)]
  0x0000000020010800 JavaThread "pool-9-thread-1" [_thread_blocked, id=9968, stack(0x000000002e200000,0x000000002e300000)]
  0x0000000020003000 JavaThread "Daemon worker Thread 3" [_thread_blocked, id=13388, stack(0x000000002d900000,0x000000002da00000)]
  0x0000000020007800 JavaThread "Daemon Thread 3" [_thread_blocked, id=2296, stack(0x000000002d600000,0x000000002d700000)]
  0x000000001f266800 JavaThread "Java2D Disposer" daemon [_thread_blocked, id=4592, stack(0x0000000025300000,0x0000000025400000)]
  0x000000001cb91800 JavaThread "Memory manager" [_thread_blocked, id=12952, stack(0x0000000022100000,0x0000000022200000)]
  0x0000000019f09800 JavaThread "pool-1-thread-1" [_thread_blocked, id=13448, stack(0x0000000021e00000,0x0000000021f00000)]
  0x0000000019c82800 JavaThread "File lock request listener" [_thread_in_native, id=11500, stack(0x000000001b1f0000,0x000000001b2f0000)]
  0x0000000019cdb000 JavaThread "Cache worker for file hash cache (C:\Users\ruru\.gradle\caches\4.4\fileHashes)" [_thread_blocked, id=11188, stack(0x000000001b0f0000,0x000000001b1f0000)]
  0x0000000019961800 JavaThread "Daemon periodic checks" [_thread_blocked, id=7556, stack(0x000000001a5f0000,0x000000001a6f0000)]
  0x0000000019a31800 JavaThread "Incoming local TCP Connector on port 57981" [_thread_in_native, id=3620, stack(0x000000001a410000,0x000000001a510000)]
  0x0000000017fc3800 JavaThread "Service Thread" daemon [_thread_blocked, id=11036, stack(0x0000000018840000,0x0000000018940000)]
  0x0000000017f50000 JavaThread "C1 CompilerThread2" daemon [_thread_blocked, id=13728, stack(0x0000000018740000,0x0000000018840000)]
  0x0000000016c3d800 JavaThread "C2 CompilerThread1" daemon [_thread_blocked, id=5140, stack(0x0000000018640000,0x0000000018740000)]
  0x0000000016c39800 JavaThread "C2 CompilerThread0" daemon [_thread_blocked, id=6900, stack(0x0000000018540000,0x0000000018640000)]
  0x0000000017f48800 JavaThread "Attach Listener" daemon [_thread_blocked, id=13764, stack(0x0000000018440000,0x0000000018540000)]
  0x0000000016bee000 JavaThread "Signal Dispatcher" daemon [_thread_blocked, id=7304, stack(0x0000000018340000,0x0000000018440000)]
  0x0000000016bc8800 JavaThread "Finalizer" daemon [_thread_blocked, id=4516, stack(0x0000000017e40000,0x0000000017f40000)]
  0x00000000031b3000 JavaThread "Reference Handler" daemon [_thread_blocked, id=13464, stack(0x0000000017d40000,0x0000000017e40000)]
  0x000000000326d800 JavaThread "main" [_thread_blocked, id=2896, stack(0x0000000002c60000,0x0000000002d60000)]

Other Threads:
  0x0000000016ba5800 VMThread [stack: 0x0000000017c40000,0x0000000017d40000] [id=13324]
  0x0000000017fc8000 WatcherThread [stack: 0x0000000018940000,0x0000000018a40000] [id=10576]

VM state:synchronizing (normal execution)

VM Mutex/Monitor currently owned by a thread:  ([mutex/lock_event])
[0x000000000326cc60] Threads_lock - owner thread: 0x0000000016ba5800

Heap:
 PSYoungGen      total 492544K, used 458065K [0x00000000e0000000, 0x0000000100000000, 0x0000000100000000)
  eden space 463360K, 98% used [0x00000000e0000000,0x00000000fbf545a8,0x00000000fc480000)
  from space 29184K, 0% used [0x00000000fe180000,0x00000000fe180000,0x00000000ffe00000)
  to   space 29696K, 0% used [0x00000000fc480000,0x00000000fc480000,0x00000000fe180000)
 ParOldGen       total 173056K, used 58908K [0x00000000a0000000, 0x00000000aa900000, 0x00000000e0000000)
  object space 173056K, 34% used [0x00000000a0000000,0x00000000a39872e8,0x00000000aa900000)
 Metaspace       used 111094K, capacity 116934K, committed 117068K, reserved 1150976K
  class space    used 14459K, capacity 15716K, committed 15732K, reserved 1048576K

Card table byte_map: [0x0000000012630000,0x0000000012940000] byte_map_base: 0x0000000012130000

Marking Bits: (ParMarkBitMap*) 0x0000000051fe4970
 Begin Bits: [0x0000000012f40000, 0x0000000014740000)
 End Bits:   [0x0000000014740000, 0x0000000015f40000)

Polling page: 0x0000000000bf0000

CodeCache: size=245760Kb used=50864Kb max_used=51126Kb free=194895Kb
 bounds [0x0000000003270000, 0x00000000064b0000, 0x0000000012270000]
 total_blobs=16190 nmethods=15233 adapters=869
 compilation: enabled

Compilation events (10 events):
Event: 772.112 Thread 0x0000000017f50000 18949       3       com.google.common.collect.AbstractMapBasedMultimap$WrappedCollection$WrappedIterator::validateIterator (30 bytes)
Event: 772.113 Thread 0x0000000017f50000 nmethod 18949 0x0000000004670410 code [0x00000000046705a0, 0x00000000046708b8]
Event: 772.113 Thread 0x0000000017f50000 18950       3       com.google.common.collect.AbstractMapBasedMultimap$WrappedCollection$WrappedIterator::hasNext (14 bytes)
Event: 772.113 Thread 0x0000000017f50000 nmethod 18950 0x00000000060148d0 code [0x0000000006014a60, 0x0000000006014ea8]
Event: 772.113 Thread 0x0000000017f50000 18951       3       com.google.common.collect.AbstractMapBasedMultimap$WrappedCollection$WrappedIterator::next (14 bytes)
Event: 772.113 Thread 0x0000000017f50000 nmethod 18951 0x0000000006476cd0 code [0x0000000006476e60, 0x00000000064772a8]
Event: 772.545 Thread 0x0000000017f50000 18952       3       java.io.FileDescriptor$1::setHandle (7 bytes)
Event: 772.546 Thread 0x0000000017f50000 nmethod 18952 0x00000000060144d0 code [0x0000000006014640, 0x00000000060147f0]
Event: 772.546 Thread 0x0000000017f50000 18953       3       java.io.FileDescriptor::access$102 (7 bytes)
Event: 772.546 Thread 0x0000000017f50000 nmethod 18953 0x0000000003553c10 code [0x0000000003553d60, 0x0000000003553e90]

GC Heap History (10 events):
Event: 129.375 GC heap before
{Heap before GC invocations=18 (full 3):
 PSYoungGen      total 325632K, used 324766K [0x00000000e0000000, 0x00000000f5d80000, 0x0000000100000000)
  eden space 305664K, 99% used [0x00000000e0000000,0x00000000f29af028,0x00000000f2a80000)
  from space 19968K, 99% used [0x00000000f4380000,0x00000000f56f8b70,0x00000000f5700000)
  to   space 25600K, 0% used [0x00000000f2a80000,0x00000000f2a80000,0x00000000f4380000)
 ParOldGen       total 143872K, used 49224K [0x00000000a0000000, 0x00000000a8c80000, 0x00000000e0000000)
  object space 143872K, 34% used [0x00000000a0000000,0x00000000a30123a0,0x00000000a8c80000)
 Metaspace       used 78305K, capacity 81560K, committed 81684K, reserved 1120256K
  class space    used 10066K, capacity 10737K, committed 10812K, reserved 1048576K
Event: 129.423 GC heap after
Heap after GC invocations=18 (full 3):
 PSYoungGen      total 331264K, used 25587K [0x00000000e0000000, 0x00000000fa480000, 0x0000000100000000)
  eden space 305664K, 0% used [0x00000000e0000000,0x00000000e0000000,0x00000000f2a80000)
  from space 25600K, 99% used [0x00000000f2a80000,0x00000000f437cd28,0x00000000f4380000)
  to   space 30720K, 0% used [0x00000000f8680000,0x00000000f8680000,0x00000000fa480000)
 ParOldGen       total 143872K, used 53427K [0x00000000a0000000, 0x00000000a8c80000, 0x00000000e0000000)
  object space 143872K, 37% used [0x00000000a0000000,0x00000000a342cd70,0x00000000a8c80000)
 Metaspace       used 78305K, capacity 81560K, committed 81684K, reserved 1120256K
  class space    used 10066K, capacity 10737K, committed 10812K, reserved 1048576K
}
Event: 129.464 GC heap before
{Heap before GC invocations=19 (full 3):
 PSYoungGen      total 331264K, used 330488K [0x00000000e0000000, 0x00000000fa480000, 0x0000000100000000)
  eden space 305664K, 99% used [0x00000000e0000000,0x00000000f29c1360,0x00000000f2a80000)
  from space 25600K, 99% used [0x00000000f2a80000,0x00000000f437cd28,0x00000000f4380000)
  to   space 30720K, 0% used [0x00000000f8680000,0x00000000f8680000,0x00000000fa480000)
 ParOldGen       total 143872K, used 53427K [0x00000000a0000000, 0x00000000a8c80000, 0x00000000e0000000)
  object space 143872K, 37% used [0x00000000a0000000,0x00000000a342cd70,0x00000000a8c80000)
 Metaspace       used 78316K, capacity 81624K, committed 81940K, reserved 1120256K
  class space    used 10066K, capacity 10737K, committed 10812K, reserved 1048576K
Event: 129.497 GC heap after
Heap after GC invocations=19 (full 3):
 PSYoungGen      total 400896K, used 11707K [0x00000000e0000000, 0x0000000100000000, 0x0000000100000000)
  eden space 370176K, 0% used [0x00000000e0000000,0x00000000e0000000,0x00000000f6980000)
  from space 30720K, 38% used [0x00000000f8680000,0x00000000f91eed40,0x00000000fa480000)
  to   space 29696K, 0% used [0x00000000f6980000,0x00000000f6980000,0x00000000f8680000)
 ParOldGen       total 143872K, used 64186K [0x00000000a0000000, 0x00000000a8c80000, 0x00000000e0000000)
  object space 143872K, 44% used [0x00000000a0000000,0x00000000a3eaebf8,0x00000000a8c80000)
 Metaspace       used 78316K, capacity 81624K, committed 81940K, reserved 1120256K
  class space    used 10066K, capacity 10737K, committed 10812K, reserved 1048576K
}
Event: 687.573 GC heap before
{Heap before GC invocations=20 (full 3):
 PSYoungGen      total 400896K, used 381883K [0x00000000e0000000, 0x0000000100000000, 0x0000000100000000)
  eden space 370176K, 100% used [0x00000000e0000000,0x00000000f6980000,0x00000000f6980000)
  from space 30720K, 38% used [0x00000000f8680000,0x00000000f91eed40,0x00000000fa480000)
  to   space 29696K, 0% used [0x00000000f6980000,0x00000000f6980000,0x00000000f8680000)
 ParOldGen       total 143872K, used 64186K [0x00000000a0000000, 0x00000000a8c80000, 0x00000000e0000000)
  object space 143872K, 44% used [0x00000000a0000000,0x00000000a3eaebf8,0x00000000a8c80000)
 Metaspace       used 82101K, capacity 86056K, committed 86164K, reserved 1124352K
  class space    used 10586K, capacity 11445K, committed 11452K, reserved 1048576K
Event: 687.612 GC heap after
Heap after GC invocations=20 (full 3):
 PSYoungGen      total 399872K, used 8159K [0x00000000e0000000, 0x00000000ffe00000, 0x0000000100000000)
  eden space 370176K, 0% used [0x00000000e0000000,0x00000000e0000000,0x00000000f6980000)
  from space 29696K, 27% used [0x00000000f6980000,0x00000000f7177ea8,0x00000000f8680000)
  to   space 29184K, 0% used [0x00000000fe180000,0x00000000fe180000,0x00000000ffe00000)
 ParOldGen       total 143872K, used 74628K [0x00000000a0000000, 0x00000000a8c80000, 0x00000000e0000000)
  object space 143872K, 51% used [0x00000000a0000000,0x00000000a48e11b8,0x00000000a8c80000)
 Metaspace       used 82101K, capacity 86056K, committed 86164K, reserved 1124352K
  class space    used 10586K, capacity 11445K, committed 11452K, reserved 1048576K
}
Event: 700.420 GC heap before
{Heap before GC invocations=21 (full 3):
 PSYoungGen      total 399872K, used 164278K [0x00000000e0000000, 0x00000000ffe00000, 0x0000000100000000)
  eden space 370176K, 42% used [0x00000000e0000000,0x00000000e9875c90,0x00000000f6980000)
  from space 29696K, 27% used [0x00000000f6980000,0x00000000f7177ea8,0x00000000f8680000)
  to   space 29184K, 0% used [0x00000000fe180000,0x00000000fe180000,0x00000000ffe00000)
 ParOldGen       total 143872K, used 74628K [0x00000000a0000000, 0x00000000a8c80000, 0x00000000e0000000)
  object space 143872K, 51% used [0x00000000a0000000,0x00000000a48e11b8,0x00000000a8c80000)
 Metaspace       used 93480K, capacity 98256K, committed 98380K, reserved 1134592K
  class space    used 12160K, capacity 13150K, committed 13172K, reserved 1048576K
Event: 700.466 GC heap after
Heap after GC invocations=21 (full 3):
 PSYoungGen      total 492544K, used 19890K [0x00000000e0000000, 0x0000000100000000, 0x0000000100000000)
  eden space 463360K, 0% used [0x00000000e0000000,0x00000000e0000000,0x00000000fc480000)
  from space 29184K, 68% used [0x00000000fe180000,0x00000000ff4ec8b8,0x00000000ffe00000)
  to   space 29696K, 0% used [0x00000000fc480000,0x00000000fc480000,0x00000000fe180000)
 ParOldGen       total 143872K, used 78884K [0x00000000a0000000, 0x00000000a8c80000, 0x00000000e0000000)
  object space 143872K, 54% used [0x00000000a0000000,0x00000000a4d09160,0x00000000a8c80000)
 Metaspace       used 93480K, capacity 98256K, committed 98380K, reserved 1134592K
  class space    used 12160K, capacity 13150K, committed 13172K, reserved 1048576K
}
Event: 700.466 GC heap before
{Heap before GC invocations=22 (full 4):
 PSYoungGen      total 492544K, used 19890K [0x00000000e0000000, 0x0000000100000000, 0x0000000100000000)
  eden space 463360K, 0% used [0x00000000e0000000,0x00000000e0000000,0x00000000fc480000)
  from space 29184K, 68% used [0x00000000fe180000,0x00000000ff4ec8b8,0x00000000ffe00000)
  to   space 29696K, 0% used [0x00000000fc480000,0x00000000fc480000,0x00000000fe180000)
 ParOldGen       total 143872K, used 78884K [0x00000000a0000000, 0x00000000a8c80000, 0x00000000e0000000)
  object space 143872K, 54% used [0x00000000a0000000,0x00000000a4d09160,0x00000000a8c80000)
 Metaspace       used 93480K, capacity 98256K, committed 98380K, reserved 1134592K
  class space    used 12160K, capacity 13150K, committed 13172K, reserved 1048576K
Event: 700.901 GC heap after
Heap after GC invocations=22 (full 4):
 PSYoungGen      total 492544K, used 0K [0x00000000e0000000, 0x0000000100000000, 0x0000000100000000)
  eden space 463360K, 0% used [0x00000000e0000000,0x00000000e0000000,0x00000000fc480000)
  from space 29184K, 0% used [0x00000000fe180000,0x00000000fe180000,0x00000000ffe00000)
  to   space 29696K, 0% used [0x00000000fc480000,0x00000000fc480000,0x00000000fe180000)
 ParOldGen       total 173056K, used 58908K [0x00000000a0000000, 0x00000000aa900000, 0x00000000e0000000)
  object space 173056K, 34% used [0x00000000a0000000,0x00000000a39872e8,0x00000000aa900000)
 Metaspace       used 93371K, capacity 97964K, committed 98380K, reserved 1134592K
  class space    used 12122K, capacity 13084K, committed 13172K, reserved 1048576K
}

Deoptimization events (10 events):
Event: 755.888 Thread 0x0000000020003000 Uncommon trap: reason=bimorphic action=maybe_recompile pc=0x00000000050756c4 method=com.sun.org.apache.xerces.internal.dom.NamedNodeMapImpl.findNamePoint(Ljava/lang/String;Ljava/lang/String;)I @ 52
Event: 755.888 Thread 0x0000000020003000 Uncommon trap: reason=bimorphic action=maybe_recompile pc=0x00000000050756c4 method=com.sun.org.apache.xerces.internal.dom.NamedNodeMapImpl.findNamePoint(Ljava/lang/String;Ljava/lang/String;)I @ 52
Event: 755.953 Thread 0x0000000020003000 Uncommon trap: reason=bimorphic action=maybe_recompile pc=0x0000000004849170 method=com.sun.org.apache.xerces.internal.dom.ElementImpl.getAttributes()Lorg/w3c/dom/NamedNodeMap; @ 8
Event: 755.960 Thread 0x0000000020003000 Uncommon trap: reason=bimorphic action=maybe_recompile pc=0x0000000004849170 method=com.sun.org.apache.xerces.internal.dom.ElementImpl.getAttributes()Lorg/w3c/dom/NamedNodeMap; @ 8
Event: 755.960 Thread 0x0000000020003000 Uncommon trap: reason=bimorphic action=maybe_recompile pc=0x0000000004849170 method=com.sun.org.apache.xerces.internal.dom.ElementImpl.getAttributes()Lorg/w3c/dom/NamedNodeMap; @ 8
Event: 755.960 Thread 0x0000000020003000 Uncommon trap: reason=bimorphic action=maybe_recompile pc=0x0000000004849170 method=com.sun.org.apache.xerces.internal.dom.ElementImpl.getAttributes()Lorg/w3c/dom/NamedNodeMap; @ 8
Event: 760.198 Thread 0x0000000020003000 Uncommon trap: reason=class_check action=maybe_recompile pc=0x000000000646d0dc method=com.google.common.collect.TransformedIterator.hasNext()Z @ 4
Event: 760.198 Thread 0x0000000020003000 Uncommon trap: reason=class_check action=maybe_recompile pc=0x000000000646d0dc method=com.google.common.collect.TransformedIterator.hasNext()Z @ 4
Event: 760.396 Thread 0x0000000020003000 Uncommon trap: reason=class_check action=maybe_recompile pc=0x000000000646d0dc method=com.google.common.collect.TransformedIterator.hasNext()Z @ 4
Event: 760.396 Thread 0x0000000020003000 Uncommon trap: reason=class_check action=maybe_recompile pc=0x000000000646d0dc method=com.google.common.collect.TransformedIterator.hasNext()Z @ 4

Classes redefined (0 events):
No events

Internal exceptions (10 events):
Event: 738.635 Thread 0x0000000020003000 Exception <a 'java/lang/NoSuchMethodError': java.lang.Object.lambda$static$2(Ljava/util/Set;Ljava/util/Set;)Z> (0x00000000f8575658) thrown at [D:\src\AOSP-openjdk-cygwin\jdk8u\hotspot\src\share\vm\interpreter\linkResolver.cpp, line 584]
Event: 739.937 Thread 0x0000000020003000 Exception <a 'java/lang/ClassNotFoundException': com/android/build/gradle/internal/api/ApkVariantOutputImpl_DecoratedBeanInfo> (0x00000000f8fd8d08) thrown at [D:\src\AOSP-openjdk-cygwin\jdk8u\hotspot\src\share\vm\classfile\systemDictionary.cpp, line 210]
Event: 739.937 Thread 0x0000000020003000 Exception <a 'java/lang/ClassNotFoundException': com/android/build/gradle/internal/api/ApkVariantOutputImplBeanInfo> (0x00000000f8fee0b0) thrown at [D:\src\AOSP-openjdk-cygwin\jdk8u\hotspot\src\share\vm\classfile\systemDictionary.cpp, line 210]
Event: 739.938 Thread 0x0000000020003000 Exception <a 'java/lang/ClassNotFoundException': com/android/build/gradle/internal/api/BaseVariantOutputImplBeanInfo> (0x00000000f9004198) thrown at [D:\src\AOSP-openjdk-cygwin\jdk8u\hotspot\src\share\vm\classfile\systemDictionary.cpp, line 210]
Event: 739.938 Thread 0x0000000020003000 Exception <a 'java/lang/ClassNotFoundException': com/android/build/gradle/internal/api/BaseVariantOutputImplCustomizer> (0x00000000f901a6f8) thrown at [D:\src\AOSP-openjdk-cygwin\jdk8u\hotspot\src\share\vm\classfile\systemDictionary.cpp, line 210]
Event: 739.939 Thread 0x0000000020003000 Exception <a 'java/lang/ClassNotFoundException': com/android/build/gradle/internal/api/ApkVariantOutputImplCustomizer> (0x00000000f904ad60) thrown at [D:\src\AOSP-openjdk-cygwin\jdk8u\hotspot\src\share\vm\classfile\systemDictionary.cpp, line 210]
Event: 739.939 Thread 0x0000000020003000 Exception <a 'java/lang/ClassNotFoundException': com/android/build/gradle/internal/api/ApkVariantOutputImpl_DecoratedCustomizer> (0x00000000f9073f18) thrown at [D:\src\AOSP-openjdk-cygwin\jdk8u\hotspot\src\share\vm\classfile\systemDictionary.cpp, line 210
Event: 745.804 Thread 0x0000000020003000 Exception <a 'java/lang/NoSuchMethodError': <clinit>> (0x00000000f9e63eb0) thrown at [D:\src\AOSP-openjdk-cygwin\jdk8u\hotspot\src\share\vm\prims\jni.cpp, line 1613]
Event: 745.804 Thread 0x0000000020003000 Exception <a 'java/lang/NoSuchMethodError': <clinit>> (0x00000000f9e6cbd8) thrown at [D:\src\AOSP-openjdk-cygwin\jdk8u\hotspot\src\share\vm\prims\jni.cpp, line 1613]
Event: 755.765 Thread 0x0000000020003000 Implicit null exception at 0x00000000033f5ade to 0x00000000033f5c61

Events (10 events):
Event: 772.452 Executing VM operation: RevokeBias
Event: 772.452 Executing VM operation: RevokeBias done
Event: 772.455 Thread 0x000000001cb9c800 Thread added: 0x000000001cb9c800
Event: 772.455 Thread 0x000000001cb9d800 Thread added: 0x000000001cb9d800
Event: 772.455 Thread 0x000000001cb9f000 Thread added: 0x000000001cb9f000
Event: 772.455 Thread 0x000000001cb98000 Thread added: 0x000000001cb98000
Event: 772.545 Thread 0x000000001f267800 Thread added: 0x000000001f267800
Event: 772.545 Thread 0x000000001f268000 Thread added: 0x000000001f268000
Event: 772.556 Thread 0x000000001f269000 Thread added: 0x000000001f269000
Event: 772.556 Thread 0x000000001f269800 Thread added: 0x000000001f269800


Dynamic libraries:
0x00007ff7327a0000 - 0x00007ff7327d1000 	C:\Program Files\Android\Android Studio\jre\bin\java.exe
0x00007ffb52440000 - 0x00007ffb52621000 	C:\WINDOWS\SYSTEM32\ntdll.dll
0x00007ffb51af0000 - 0x00007ffb51ba2000 	C:\WINDOWS\System32\KERNEL32.DLL
0x00007ffb4f260000 - 0x00007ffb4f4d3000 	C:\WINDOWS\System32\KERNELBASE.dll
0x00007ffb4fa50000 - 0x00007ffb4faf1000 	C:\WINDOWS\System32\ADVAPI32.dll
0x00007ffb51c20000 - 0x00007ffb51cbe000 	C:\WINDOWS\System32\msvcrt.dll
0x00007ffb50000000 - 0x00007ffb5005b000 	C:\WINDOWS\System32\sechost.dll
0x00007ffb501b0000 - 0x00007ffb502d4000 	C:\WINDOWS\System32\RPCRT4.dll
0x00007ffb517b0000 - 0x00007ffb51940000 	C:\WINDOWS\System32\USER32.dll
0x00007ffb4f240000 - 0x00007ffb4f260000 	C:\WINDOWS\System32\win32u.dll
0x00007ffb50120000 - 0x00007ffb50148000 	C:\WINDOWS\System32\GDI32.dll
0x00007ffb4f730000 - 0x00007ffb4f8c2000 	C:\WINDOWS\System32\gdi32full.dll
0x00007ffb4e810000 - 0x00007ffb4e8af000 	C:\WINDOWS\System32\msvcp_win.dll
0x00007ffb4f140000 - 0x00007ffb4f23a000 	C:\WINDOWS\System32\ucrtbase.dll
0x00007ffb46330000 - 0x00007ffb46599000 	C:\WINDOWS\WinSxS\amd64_microsoft.windows.common-controls_6595b64144ccf1df_6.0.17134.165_none_fb429645306569ac\COMCTL32.dll
0x00007ffb520e0000 - 0x00007ffb52403000 	C:\WINDOWS\System32\combase.dll
0x00007ffb4e900000 - 0x00007ffb4e97a000 	C:\WINDOWS\System32\bcryptPrimitives.dll
0x00007ffb502e0000 - 0x00007ffb5030d000 	C:\WINDOWS\System32\IMM32.DLL
0x0000000051610000 - 0x00000000516e2000 	C:\Program Files\Android\Android Studio\jre\jre\bin\msvcr100.dll
0x0000000051820000 - 0x000000005205f000 	C:\Program Files\Android\Android Studio\jre\jre\bin\server\jvm.dll
0x00007ffb51ae0000 - 0x00007ffb51ae8000 	C:\WINDOWS\System32\PSAPI.DLL
0x00007ffb46c50000 - 0x00007ffb46c73000 	C:\WINDOWS\SYSTEM32\WINMM.dll
0x00007ffb43990000 - 0x00007ffb4399a000 	C:\WINDOWS\SYSTEM32\VERSION.dll
0x00007ffb46c20000 - 0x00007ffb46c4a000 	C:\WINDOWS\SYSTEM32\WINMMBASE.dll
0x00007ffb4e8b0000 - 0x00007ffb4e8f9000 	C:\WINDOWS\System32\cfgmgr32.dll
0x00007ffb42e10000 - 0x00007ffb42e19000 	C:\WINDOWS\SYSTEM32\WSOCK32.dll
0x00007ffb51bb0000 - 0x00007ffb51c1c000 	C:\WINDOWS\System32\WS2_32.dll
0x00007ffb3f8a0000 - 0x00007ffb3f8af000 	C:\Program Files\Android\Android Studio\jre\jre\bin\verify.dll
0x00007ffb3f870000 - 0x00007ffb3f899000 	C:\Program Files\Android\Android Studio\jre\jre\bin\java.dll
0x00007ffb39960000 - 0x00007ffb39976000 	C:\Program Files\Android\Android Studio\jre\jre\bin\zip.dll
0x00007ffb50370000 - 0x00007ffb517b0000 	C:\WINDOWS\System32\SHELL32.dll
0x00007ffb50060000 - 0x00007ffb50109000 	C:\WINDOWS\System32\shcore.dll
0x00007ffb4e980000 - 0x00007ffb4f08d000 	C:\WINDOWS\System32\windows.storage.dll
0x00007ffb51d90000 - 0x00007ffb51de1000 	C:\WINDOWS\System32\shlwapi.dll
0x00007ffb4e7a0000 - 0x00007ffb4e7b1000 	C:\WINDOWS\System32\kernel.appcore.dll
0x00007ffb4e7f0000 - 0x00007ffb4e80f000 	C:\WINDOWS\System32\profapi.dll
0x00007ffb4e750000 - 0x00007ffb4e79c000 	C:\WINDOWS\System32\powrprof.dll
0x00007ffb4e7c0000 - 0x00007ffb4e7ca000 	C:\WINDOWS\System32\FLTLIB.DLL
0x00007ffb373b0000 - 0x00007ffb373ca000 	C:\Program Files\Android\Android Studio\jre\jre\bin\net.dll
0x00007ffb4dfd0000 - 0x00007ffb4e036000 	C:\WINDOWS\system32\mswsock.dll
0x00007ffb36dc0000 - 0x00007ffb36dd1000 	C:\Program Files\Android\Android Studio\jre\jre\bin\nio.dll
0x00007ffb3a820000 - 0x00007ffb3a83e000 	C:\Users\ruru\.gradle\native\25\windows-amd64\native-platform.dll
0x00007ffb39f90000 - 0x00007ffb39f9d000 	C:\Program Files\Android\Android Studio\jre\jre\bin\management.dll
0x00007ffb4e180000 - 0x00007ffb4e197000 	C:\WINDOWS\SYSTEM32\CRYPTSP.dll
0x00007ffb4dbb0000 - 0x00007ffb4dbe3000 	C:\WINDOWS\system32\rsaenh.dll
0x00007ffb4e2b0000 - 0x00007ffb4e2d5000 	C:\WINDOWS\SYSTEM32\bcrypt.dll
0x00007ffb4e650000 - 0x00007ffb4e678000 	C:\WINDOWS\SYSTEM32\USERENV.dll
0x00007ffb4e1a0000 - 0x00007ffb4e1ab000 	C:\WINDOWS\SYSTEM32\CRYPTBASE.dll
0x00007ffb4dd50000 - 0x00007ffb4dd88000 	C:\WINDOWS\SYSTEM32\IPHLPAPI.DLL
0x00007ffb50110000 - 0x00007ffb50118000 	C:\WINDOWS\System32\NSI.dll
0x00007ffb47350000 - 0x00007ffb47366000 	C:\WINDOWS\SYSTEM32\dhcpcsvc6.DLL
0x00007ffb47390000 - 0x00007ffb473aa000 	C:\WINDOWS\SYSTEM32\dhcpcsvc.DLL
0x00007ffb1b990000 - 0x00007ffb1bb26000 	C:\Program Files\Android\Android Studio\jre\jre\bin\awt.dll
0x00007ffb51cc0000 - 0x00007ffb51d82000 	C:\WINDOWS\System32\OLEAUT32.dll
0x00007ffb4be00000 - 0x00007ffb4c3c7000 	C:\WINDOWS\SYSTEM32\d2d1.dll
0x00007ffb4cab0000 - 0x00007ffb4cb3b000 	C:\WINDOWS\SYSTEM32\apphelp.dll
0x00007ffb4cec0000 - 0x00007ffb4cee9000 	C:\WINDOWS\system32\DWMAPI.DLL
0x00007ffb4cc30000 - 0x00007ffb4ccc8000 	C:\WINDOWS\system32\uxtheme.dll
0x00007ffb4d840000 - 0x00007ffb4d871000 	C:\WINDOWS\SYSTEM32\ntmarta.dll

VM Arguments:
jvm_args: -Xmx1536m -Dfile.encoding=x-windows-949 -Duser.country=KR -Duser.language=ko -Duser.variant 
java_command: org.gradle.launcher.daemon.bootstrap.GradleDaemon 4.4
java_class_path (initial): C:\Users\ruru\.gradle\wrapper\dists\gradle-4.4-all\9br9xq1tocpiv8o6njlyu5op1\gradle-4.4\lib\gradle-launcher-4.4.jar
Launcher Type: SUN_STANDARD

Environment Variables:
PATH=C:\oraclexe\app\oracle\product\11.2.0\server\bin;;C:\ProgramData\Oracle\Java\javapath;C:\Windows\system32;C:\Windows;C:\Windows\System32\Wbem;C:\Windows\System32\WindowsPowerShell\v1.0\;C:\Program Files (x86)\NVIDIA Corporation\PhysX\Common;C:\WINDOWS\system32;C:\WINDOWS;C:\WINDOWS\System32\Wbem;C:\WINDOWS\System32\WindowsPowerShell\v1.0\;C:\WINDOWS\System32\OpenSSH\;C:\Users\ruru\AppData\Local\Microsoft\WindowsApps;C:\Program Files\Bandizip\;C:\Program Files\Java\jdk1.8.0_151\bin;
USERNAME=ruru
OS=Windows_NT
PROCESSOR_IDENTIFIER=Intel64 Family 6 Model 69 Stepping 1, GenuineIntel



---------------  S Y S T E M  ---------------

OS: Windows 10.0 , 64 bit Build 17134 (10.0.17134.1)

CPU:total 4 (initial active 4) (2 cores per cpu, 2 threads per core) family 6 model 69 stepping 1, cmov, cx8, fxsr, mmx, sse, sse2, sse3, ssse3, sse4.1, sse4.2, popcnt, avx, avx2, aes, clmul, erms, lzcnt, ht, tsc, tscinvbit, bmi1, bmi2

Memory: 4k page, physical 8290796k(482464k free), swap 10387948k(3804k free)

vm_info: OpenJDK 64-Bit Server VM (25.152-b02) for windows-amd64 JRE (1.8.0_152-release-1024-b02), built by "builder" with MS VC++ 10.0 (VS2010)

time: Mon Jul 23 15:39:33 2018
elapsed time: 772 seconds (0d 0h 12m 52s)

